Traceback (most recent call last):
  File "/opt/hostedtoolcache/Python/3.7.12/x64/lib/python3.7/site-packages/jupyter_cache/executors/utils.py", line 56, in single_nb_execution
    record_timing=False,
  File "/opt/hostedtoolcache/Python/3.7.12/x64/lib/python3.7/site-packages/nbclient/client.py", line 1093, in execute
    return NotebookClient(nb=nb, resources=resources, km=km, **kwargs).execute()
  File "/opt/hostedtoolcache/Python/3.7.12/x64/lib/python3.7/site-packages/nbclient/util.py", line 84, in wrapped
    return just_run(coro(*args, **kwargs))
  File "/opt/hostedtoolcache/Python/3.7.12/x64/lib/python3.7/site-packages/nbclient/util.py", line 62, in just_run
    return loop.run_until_complete(coro)
  File "/opt/hostedtoolcache/Python/3.7.12/x64/lib/python3.7/asyncio/base_events.py", line 587, in run_until_complete
    return future.result()
  File "/opt/hostedtoolcache/Python/3.7.12/x64/lib/python3.7/site-packages/nbclient/client.py", line 560, in async_execute
    cell, index, execution_count=self.code_cells_executed + 1
  File "/opt/hostedtoolcache/Python/3.7.12/x64/lib/python3.7/site-packages/nbclient/client.py", line 854, in async_execute_cell
    self._check_raise_for_error(cell, exec_reply)
  File "/opt/hostedtoolcache/Python/3.7.12/x64/lib/python3.7/site-packages/nbclient/client.py", line 756, in _check_raise_for_error
    raise CellExecutionError.from_cell_and_msg(cell, exec_reply_content)
nbclient.exceptions.CellExecutionError: An error occurred while executing the following cell:
------------------
# change s0
fig, axes = plt.subplots(3, 2, sharex=True, figsize=(16, 6))
axes[0, 0].yaxis.tick_right()
axes[0, 0].set_xticklabels([])
axes[0, 0].plot(echo_times, mean_sig, "red", label="Mean signal")
axes[0, 0].plot(echo_times, sig2, "blue", label="Timepoint's signal")
axes[0, 0].set_ylim(0)
axes[0, 0].set_title("Change in S0", fontsize=20, y=1.02)
axes[0, 0].set_ylabel(
    "Signal\n$S(TE_n)$", fontsize=16, rotation=0, labelpad=40, va="center"
)
leg = axes[0, 0].legend()

axes[1, 0].yaxis.tick_right()
axes[1, 0].set_xticklabels([])
axes[1, 0].plot(echo_times, d_sig2, "red")
axes[1, 0].set_ylim(0)
axes[1, 0].set_ylabel(
    "${\\Delta}S(TE_n)$", fontsize=16, rotation=0, labelpad=40, va="center"
)

# No slope, intercept at delta(S0)/mean(S0)
axes[2, 0].yaxis.tick_right()
axes[2, 0].plot(echo_times, dt_sig2, "red")
axes[2, 0].set_ylabel(
    "$\\frac{{\\Delta}S(TE_n)}{\\bar{S}(TE_n)}$",
    fontsize=24,
    rotation=0,
    labelpad=40,
    va="center",
)
axes[2, 0].set_xlabel("Echo Time (ms)", fontsize=16)

# change t2s
# max diff is between orig and new T2*, but is definitely not mean
max_diff_te = echo_times[d_sig3 == np.max(d_sig3)][0]

axes[0, 1].yaxis.tick_right()
axes[0, 1].set_xticklabels([])
axes[0, 1].plot(echo_times, mean_sig, "red", label="Mean signal")
axes[0, 1].plot(echo_times, sig3, "blue", label="Timepoint's signal")
axes[0, 1].set_ylim(0)
axes[0, 1].set_title("Change in T2*", fontsize=20, y=1.02)

# Plot important echo times
axes[0, 1].axvline(mean_t2s, color="green", alpha=0.5)
axes[0, 1].axvline(max_diff_te, color="gray", alpha=0.5)
axes[0, 1].axvline(t2s2, color="orange", alpha=0.5)
leg = axes[0, 1].legend()

axes[1, 1].yaxis.tick_right()
axes[1, 1].set_xticklabels([])
axes[1, 1].plot(echo_times, d_sig3, "red")
axes[1, 1].set_ylim(0)

# Plot important echo times
axes[1, 1].axvline(mean_t2s, label="T2* of mean data", color="green", alpha=0.5)
axes[1, 1].axvline(
    max_diff_te, label="TE of maximized contrast", color="gray", alpha=0.5
)
axes[1, 1].axvline(t2s2, label="T2* of timepoint's data", color="orange", alpha=0.5)
leg = axes[1, 1].legend()

pred_slope = (dt_sig3[-1] - dt_sig3[0]) / (echo_times[-1] - echo_times[0])
pred_int = (pred_slope * echo_times[-1]) - dt_sig3[-1]
pred_max = pred_slope * echo_times[-1]

axes[2, 1].yaxis.tick_right()
axes[2, 1].plot(echo_times, dt_sig3, "red")
axes[2, 1].plot(
    [0, echo_times[-1]],
    [pred_int, pred_max],
    "black",
    linestyle="--",
    label="Theoretical line",
)
axes[2, 1].set_ylim(0, None)
axes[2, 1].set_xlim(0, np.max(echo_times))
# axes[2, 1].set_xticks(echo_times)
axes[2, 1].set_xlabel("Echo Time (ms)", fontsize=16)
axes[2, 1].axvline(max_diff_te, color="gray", alpha=0.5)
axes[2, 1].axvline(mean_t2s, color="green", alpha=0.5)
axes[2, 1].axvline(t2s2, color="orange", alpha=0.5)
leg = axes[2, 1].legend()

fig.tight_layout()
glue("fig_bold_nonbold_simulations", fig, display=False)
------------------

[0;31m---------------------------------------------------------------------------[0m
[0;31mFileNotFoundError[0m                         Traceback (most recent call last)
[0;32m/opt/hostedtoolcache/Python/3.7.12/x64/lib/python3.7/site-packages/matplotlib/texmanager.py[0m in [0;36m_run_checked_subprocess[0;34m(self, command, tex, cwd)[0m
[1;32m    253[0m                 [0mcommand[0m[0;34m,[0m [0mcwd[0m[0;34m=[0m[0mcwd[0m [0;32mif[0m [0mcwd[0m [0;32mis[0m [0;32mnot[0m [0;32mNone[0m [0;32melse[0m [0mself[0m[0;34m.[0m[0mtexcache[0m[0;34m,[0m[0;34m[0m[0;34m[0m[0m
[0;32m--> 254[0;31m                 stderr=subprocess.STDOUT)
[0m[1;32m    255[0m         [0;32mexcept[0m [0mFileNotFoundError[0m [0;32mas[0m [0mexc[0m[0;34m:[0m[0;34m[0m[0;34m[0m[0m

[0;32m/opt/hostedtoolcache/Python/3.7.12/x64/lib/python3.7/subprocess.py[0m in [0;36mcheck_output[0;34m(timeout, *popenargs, **kwargs)[0m
[1;32m    410[0m     return run(*popenargs, stdout=PIPE, timeout=timeout, check=True,
[0;32m--> 411[0;31m                **kwargs).stdout
[0m[1;32m    412[0m [0;34m[0m[0m

[0;32m/opt/hostedtoolcache/Python/3.7.12/x64/lib/python3.7/subprocess.py[0m in [0;36mrun[0;34m(input, capture_output, timeout, check, *popenargs, **kwargs)[0m
[1;32m    487[0m [0;34m[0m[0m
[0;32m--> 488[0;31m     [0;32mwith[0m [0mPopen[0m[0;34m([0m[0;34m*[0m[0mpopenargs[0m[0;34m,[0m [0;34m**[0m[0mkwargs[0m[0;34m)[0m [0;32mas[0m [0mprocess[0m[0;34m:[0m[0;34m[0m[0;34m[0m[0m
[0m[1;32m    489[0m         [0;32mtry[0m[0;34m:[0m[0;34m[0m[0;34m[0m[0m

[0;32m/opt/hostedtoolcache/Python/3.7.12/x64/lib/python3.7/subprocess.py[0m in [0;36m__init__[0;34m(self, args, bufsize, executable, stdin, stdout, stderr, preexec_fn, close_fds, shell, cwd, env, universal_newlines, startupinfo, creationflags, restore_signals, start_new_session, pass_fds, encoding, errors, text)[0m
[1;32m    799[0m                                 [0merrread[0m[0;34m,[0m [0merrwrite[0m[0;34m,[0m[0;34m[0m[0;34m[0m[0m
[0;32m--> 800[0;31m                                 restore_signals, start_new_session)
[0m[1;32m    801[0m         [0;32mexcept[0m[0;34m:[0m[0;34m[0m[0;34m[0m[0m

[0;32m/opt/hostedtoolcache/Python/3.7.12/x64/lib/python3.7/subprocess.py[0m in [0;36m_execute_child[0;34m(self, args, executable, preexec_fn, close_fds, pass_fds, cwd, env, startupinfo, creationflags, shell, p2cread, p2cwrite, c2pread, c2pwrite, errread, errwrite, restore_signals, start_new_session)[0m
[1;32m   1550[0m                             [0merr_msg[0m [0;34m+=[0m [0;34m': '[0m [0;34m+[0m [0mrepr[0m[0;34m([0m[0merr_filename[0m[0;34m)[0m[0;34m[0m[0;34m[0m[0m
[0;32m-> 1551[0;31m                     [0;32mraise[0m [0mchild_exception_type[0m[0;34m([0m[0merrno_num[0m[0;34m,[0m [0merr_msg[0m[0;34m,[0m [0merr_filename[0m[0;34m)[0m[0;34m[0m[0;34m[0m[0m
[0m[1;32m   1552[0m                 [0;32mraise[0m [0mchild_exception_type[0m[0;34m([0m[0merr_msg[0m[0;34m)[0m[0;34m[0m[0;34m[0m[0m

[0;31mFileNotFoundError[0m: [Errno 2] No such file or directory: 'latex': 'latex'

The above exception was the direct cause of the following exception:

[0;31mRuntimeError[0m                              Traceback (most recent call last)
[0;32m/opt/hostedtoolcache/Python/3.7.12/x64/lib/python3.7/site-packages/IPython/core/formatters.py[0m in [0;36m__call__[0;34m(self, obj)[0m
[1;32m    339[0m                 [0;32mpass[0m[0;34m[0m[0;34m[0m[0m
[1;32m    340[0m             [0;32melse[0m[0;34m:[0m[0;34m[0m[0;34m[0m[0m
[0;32m--> 341[0;31m                 [0;32mreturn[0m [0mprinter[0m[0;34m([0m[0mobj[0m[0;34m)[0m[0;34m[0m[0;34m[0m[0m
[0m[1;32m    342[0m             [0;31m# Finally look for special method names[0m[0;34m[0m[0;34m[0m[0;34m[0m[0m
[1;32m    343[0m             [0mmethod[0m [0;34m=[0m [0mget_real_method[0m[0;34m([0m[0mobj[0m[0;34m,[0m [0mself[0m[0;34m.[0m[0mprint_method[0m[0;34m)[0m[0;34m[0m[0;34m[0m[0m

[0;32m/opt/hostedtoolcache/Python/3.7.12/x64/lib/python3.7/site-packages/IPython/core/pylabtools.py[0m in [0;36mprint_figure[0;34m(fig, fmt, bbox_inches, base64, **kwargs)[0m
[1;32m    149[0m         [0mFigureCanvasBase[0m[0;34m([0m[0mfig[0m[0;34m)[0m[0;34m[0m[0;34m[0m[0m
[1;32m    150[0m [0;34m[0m[0m
[0;32m--> 151[0;31m     [0mfig[0m[0;34m.[0m[0mcanvas[0m[0;34m.[0m[0mprint_figure[0m[0;34m([0m[0mbytes_io[0m[0;34m,[0m [0;34m**[0m[0mkw[0m[0;34m)[0m[0;34m[0m[0;34m[0m[0m
[0m[1;32m    152[0m     [0mdata[0m [0;34m=[0m [0mbytes_io[0m[0;34m.[0m[0mgetvalue[0m[0;34m([0m[0;34m)[0m[0;34m[0m[0;34m[0m[0m
[1;32m    153[0m     [0;32mif[0m [0mfmt[0m [0;34m==[0m [0;34m'svg'[0m[0;34m:[0m[0;34m[0m[0;34m[0m[0m

[0;32m/opt/hostedtoolcache/Python/3.7.12/x64/lib/python3.7/site-packages/matplotlib/backend_bases.py[0m in [0;36mprint_figure[0;34m(self, filename, dpi, facecolor, edgecolor, orientation, format, bbox_inches, pad_inches, bbox_extra_artists, backend, **kwargs)[0m
[1;32m   2228[0m                        else suppress())
[1;32m   2229[0m                 [0;32mwith[0m [0mctx[0m[0;34m:[0m[0;34m[0m[0;34m[0m[0m
[0;32m-> 2230[0;31m                     [0mself[0m[0;34m.[0m[0mfigure[0m[0;34m.[0m[0mdraw[0m[0;34m([0m[0mrenderer[0m[0;34m)[0m[0;34m[0m[0;34m[0m[0m
[0m[1;32m   2231[0m [0;34m[0m[0m
[1;32m   2232[0m             [0;32mif[0m [0mbbox_inches[0m[0;34m:[0m[0;34m[0m[0;34m[0m[0m

[0;32m/opt/hostedtoolcache/Python/3.7.12/x64/lib/python3.7/site-packages/matplotlib/artist.py[0m in [0;36mdraw_wrapper[0;34m(artist, renderer, *args, **kwargs)[0m
[1;32m     72[0m     [0;34m@[0m[0mwraps[0m[0;34m([0m[0mdraw[0m[0;34m)[0m[0;34m[0m[0;34m[0m[0m
[1;32m     73[0m     [0;32mdef[0m [0mdraw_wrapper[0m[0;34m([0m[0martist[0m[0;34m,[0m [0mrenderer[0m[0;34m,[0m [0;34m*[0m[0margs[0m[0;34m,[0m [0;34m**[0m[0mkwargs[0m[0;34m)[0m[0;34m:[0m[0;34m[0m[0;34m[0m[0m
[0;32m---> 74[0;31m         [0mresult[0m [0;34m=[0m [0mdraw[0m[0;34m([0m[0martist[0m[0;34m,[0m [0mrenderer[0m[0;34m,[0m [0;34m*[0m[0margs[0m[0;34m,[0m [0;34m**[0m[0mkwargs[0m[0;34m)[0m[0;34m[0m[0;34m[0m[0m
[0m[1;32m     75[0m         [0;32mif[0m [0mrenderer[0m[0;34m.[0m[0m_rasterizing[0m[0;34m:[0m[0;34m[0m[0;34m[0m[0m
[1;32m     76[0m             [0mrenderer[0m[0;34m.[0m[0mstop_rasterizing[0m[0;34m([0m[0;34m)[0m[0;34m[0m[0;34m[0m[0m

[0;32m/opt/hostedtoolcache/Python/3.7.12/x64/lib/python3.7/site-packages/matplotlib/artist.py[0m in [0;36mdraw_wrapper[0;34m(artist, renderer, *args, **kwargs)[0m
[1;32m     49[0m                 [0mrenderer[0m[0;34m.[0m[0mstart_filter[0m[0;34m([0m[0;34m)[0m[0;34m[0m[0;34m[0m[0m
[1;32m     50[0m [0;34m[0m[0m
[0;32m---> 51[0;31m             [0;32mreturn[0m [0mdraw[0m[0;34m([0m[0martist[0m[0;34m,[0m [0mrenderer[0m[0;34m,[0m [0;34m*[0m[0margs[0m[0;34m,[0m [0;34m**[0m[0mkwargs[0m[0;34m)[0m[0;34m[0m[0;34m[0m[0m
[0m[1;32m     52[0m         [0;32mfinally[0m[0;34m:[0m[0;34m[0m[0;34m[0m[0m
[1;32m     53[0m             [0;32mif[0m [0martist[0m[0;34m.[0m[0mget_agg_filter[0m[0;34m([0m[0;34m)[0m [0;32mis[0m [0;32mnot[0m [0;32mNone[0m[0;34m:[0m[0;34m[0m[0;34m[0m[0m

[0;32m/opt/hostedtoolcache/Python/3.7.12/x64/lib/python3.7/site-packages/matplotlib/figure.py[0m in [0;36mdraw[0;34m(self, renderer)[0m
[1;32m   2779[0m             [0mself[0m[0;34m.[0m[0mpatch[0m[0;34m.[0m[0mdraw[0m[0;34m([0m[0mrenderer[0m[0;34m)[0m[0;34m[0m[0;34m[0m[0m
[1;32m   2780[0m             mimage._draw_list_compositing_images(
[0;32m-> 2781[0;31m                 renderer, self, artists, self.suppressComposite)
[0m[1;32m   2782[0m [0;34m[0m[0m
[1;32m   2783[0m             [0;32mfor[0m [0msfig[0m [0;32min[0m [0mself[0m[0;34m.[0m[0msubfigs[0m[0;34m:[0m[0;34m[0m[0;34m[0m[0m

[0;32m/opt/hostedtoolcache/Python/3.7.12/x64/lib/python3.7/site-packages/matplotlib/image.py[0m in [0;36m_draw_list_compositing_images[0;34m(renderer, parent, artists, suppress_composite)[0m
[1;32m    130[0m     [0;32mif[0m [0mnot_composite[0m [0;32mor[0m [0;32mnot[0m [0mhas_images[0m[0;34m:[0m[0;34m[0m[0;34m[0m[0m
[1;32m    131[0m         [0;32mfor[0m [0ma[0m [0;32min[0m [0martists[0m[0;34m:[0m[0;34m[0m[0;34m[0m[0m
[0;32m--> 132[0;31m             [0ma[0m[0;34m.[0m[0mdraw[0m[0;34m([0m[0mrenderer[0m[0;34m)[0m[0;34m[0m[0;34m[0m[0m
[0m[1;32m    133[0m     [0;32melse[0m[0;34m:[0m[0;34m[0m[0;34m[0m[0m
[1;32m    134[0m         [0;31m# Composite any adjacent images together[0m[0;34m[0m[0;34m[0m[0;34m[0m[0m

[0;32m/opt/hostedtoolcache/Python/3.7.12/x64/lib/python3.7/site-packages/matplotlib/artist.py[0m in [0;36mdraw_wrapper[0;34m(artist, renderer, *args, **kwargs)[0m
[1;32m     49[0m                 [0mrenderer[0m[0;34m.[0m[0mstart_filter[0m[0;34m([0m[0;34m)[0m[0;34m[0m[0;34m[0m[0m
[1;32m     50[0m [0;34m[0m[0m
[0;32m---> 51[0;31m             [0;32mreturn[0m [0mdraw[0m[0;34m([0m[0martist[0m[0;34m,[0m [0mrenderer[0m[0;34m,[0m [0;34m*[0m[0margs[0m[0;34m,[0m [0;34m**[0m[0mkwargs[0m[0;34m)[0m[0;34m[0m[0;34m[0m[0m
[0m[1;32m     52[0m         [0;32mfinally[0m[0;34m:[0m[0;34m[0m[0;34m[0m[0m
[1;32m     53[0m             [0;32mif[0m [0martist[0m[0;34m.[0m[0mget_agg_filter[0m[0;34m([0m[0;34m)[0m [0;32mis[0m [0;32mnot[0m [0;32mNone[0m[0;34m:[0m[0;34m[0m[0;34m[0m[0m

[0;32m/opt/hostedtoolcache/Python/3.7.12/x64/lib/python3.7/site-packages/matplotlib/_api/deprecation.py[0m in [0;36mwrapper[0;34m(*inner_args, **inner_kwargs)[0m
[1;32m    429[0m                          [0;32melse[0m [0mdeprecation_addendum[0m[0;34m,[0m[0;34m[0m[0;34m[0m[0m
[1;32m    430[0m                 **kwargs)
[0;32m--> 431[0;31m         [0;32mreturn[0m [0mfunc[0m[0;34m([0m[0;34m*[0m[0minner_args[0m[0;34m,[0m [0;34m**[0m[0minner_kwargs[0m[0;34m)[0m[0;34m[0m[0;34m[0m[0m
[0m[1;32m    432[0m [0;34m[0m[0m
[1;32m    433[0m     [0;32mreturn[0m [0mwrapper[0m[0;34m[0m[0;34m[0m[0m

[0;32m/opt/hostedtoolcache/Python/3.7.12/x64/lib/python3.7/site-packages/matplotlib/axes/_base.py[0m in [0;36mdraw[0;34m(self, renderer, inframe)[0m
[1;32m   2919[0m             [0mrenderer[0m[0;34m.[0m[0mstop_rasterizing[0m[0;34m([0m[0;34m)[0m[0;34m[0m[0;34m[0m[0m
[1;32m   2920[0m [0;34m[0m[0m
[0;32m-> 2921[0;31m         [0mmimage[0m[0;34m.[0m[0m_draw_list_compositing_images[0m[0;34m([0m[0mrenderer[0m[0;34m,[0m [0mself[0m[0;34m,[0m [0martists[0m[0;34m)[0m[0;34m[0m[0;34m[0m[0m
[0m[1;32m   2922[0m [0;34m[0m[0m
[1;32m   2923[0m         [0mrenderer[0m[0;34m.[0m[0mclose_group[0m[0;34m([0m[0;34m'axes'[0m[0;34m)[0m[0;34m[0m[0;34m[0m[0m

[0;32m/opt/hostedtoolcache/Python/3.7.12/x64/lib/python3.7/site-packages/matplotlib/image.py[0m in [0;36m_draw_list_compositing_images[0;34m(renderer, parent, artists, suppress_composite)[0m
[1;32m    130[0m     [0;32mif[0m [0mnot_composite[0m [0;32mor[0m [0;32mnot[0m [0mhas_images[0m[0;34m:[0m[0;34m[0m[0;34m[0m[0m
[1;32m    131[0m         [0;32mfor[0m [0ma[0m [0;32min[0m [0martists[0m[0;34m:[0m[0;34m[0m[0;34m[0m[0m
[0;32m--> 132[0;31m             [0ma[0m[0;34m.[0m[0mdraw[0m[0;34m([0m[0mrenderer[0m[0;34m)[0m[0;34m[0m[0;34m[0m[0m
[0m[1;32m    133[0m     [0;32melse[0m[0;34m:[0m[0;34m[0m[0;34m[0m[0m
[1;32m    134[0m         [0;31m# Composite any adjacent images together[0m[0;34m[0m[0;34m[0m[0;34m[0m[0m

[0;32m/opt/hostedtoolcache/Python/3.7.12/x64/lib/python3.7/site-packages/matplotlib/artist.py[0m in [0;36mdraw_wrapper[0;34m(artist, renderer, *args, **kwargs)[0m
[1;32m     49[0m                 [0mrenderer[0m[0;34m.[0m[0mstart_filter[0m[0;34m([0m[0;34m)[0m[0;34m[0m[0;34m[0m[0m
[1;32m     50[0m [0;34m[0m[0m
[0;32m---> 51[0;31m             [0;32mreturn[0m [0mdraw[0m[0;34m([0m[0martist[0m[0;34m,[0m [0mrenderer[0m[0;34m,[0m [0;34m*[0m[0margs[0m[0;34m,[0m [0;34m**[0m[0mkwargs[0m[0;34m)[0m[0;34m[0m[0;34m[0m[0m
[0m[1;32m     52[0m         [0;32mfinally[0m[0;34m:[0m[0;34m[0m[0;34m[0m[0m
[1;32m     53[0m             [0;32mif[0m [0martist[0m[0;34m.[0m[0mget_agg_filter[0m[0;34m([0m[0;34m)[0m [0;32mis[0m [0;32mnot[0m [0;32mNone[0m[0;34m:[0m[0;34m[0m[0;34m[0m[0m

[0;32m/opt/hostedtoolcache/Python/3.7.12/x64/lib/python3.7/site-packages/matplotlib/axis.py[0m in [0;36mdraw[0;34m(self, renderer, *args, **kwargs)[0m
[1;32m   1136[0m         [0mticks_to_draw[0m [0;34m=[0m [0mself[0m[0;34m.[0m[0m_update_ticks[0m[0;34m([0m[0;34m)[0m[0;34m[0m[0;34m[0m[0m
[1;32m   1137[0m         ticklabelBoxes, ticklabelBoxes2 = self._get_tick_bboxes(ticks_to_draw,
[0;32m-> 1138[0;31m                                                                 renderer)
[0m[1;32m   1139[0m [0;34m[0m[0m
[1;32m   1140[0m         [0;32mfor[0m [0mtick[0m [0;32min[0m [0mticks_to_draw[0m[0;34m:[0m[0;34m[0m[0;34m[0m[0m

[0;32m/opt/hostedtoolcache/Python/3.7.12/x64/lib/python3.7/site-packages/matplotlib/axis.py[0m in [0;36m_get_tick_bboxes[0;34m(self, ticks, renderer)[0m
[1;32m   1064[0m                  for tick in ticks if tick.label1.get_visible()],
[1;32m   1065[0m                 [tick.label2.get_window_extent(renderer)
[0;32m-> 1066[0;31m                  for tick in ticks if tick.label2.get_visible()])
[0m[1;32m   1067[0m [0;34m[0m[0m
[1;32m   1068[0m     [0;32mdef[0m [0mget_tightbbox[0m[0;34m([0m[0mself[0m[0;34m,[0m [0mrenderer[0m[0;34m,[0m [0;34m*[0m[0;34m,[0m [0mfor_layout_only[0m[0;34m=[0m[0;32mFalse[0m[0;34m)[0m[0;34m:[0m[0;34m[0m[0;34m[0m[0m

[0;32m/opt/hostedtoolcache/Python/3.7.12/x64/lib/python3.7/site-packages/matplotlib/axis.py[0m in [0;36m<listcomp>[0;34m(.0)[0m
[1;32m   1064[0m                  for tick in ticks if tick.label1.get_visible()],
[1;32m   1065[0m                 [tick.label2.get_window_extent(renderer)
[0;32m-> 1066[0;31m                  for tick in ticks if tick.label2.get_visible()])
[0m[1;32m   1067[0m [0;34m[0m[0m
[1;32m   1068[0m     [0;32mdef[0m [0mget_tightbbox[0m[0;34m([0m[0mself[0m[0;34m,[0m [0mrenderer[0m[0;34m,[0m [0;34m*[0m[0;34m,[0m [0mfor_layout_only[0m[0;34m=[0m[0;32mFalse[0m[0;34m)[0m[0;34m:[0m[0;34m[0m[0;34m[0m[0m

[0;32m/opt/hostedtoolcache/Python/3.7.12/x64/lib/python3.7/site-packages/matplotlib/text.py[0m in [0;36mget_window_extent[0;34m(self, renderer, dpi)[0m
[1;32m    901[0m [0;34m[0m[0m
[1;32m    902[0m         [0;32mwith[0m [0mcbook[0m[0;34m.[0m[0m_setattr_cm[0m[0;34m([0m[0mself[0m[0;34m.[0m[0mfigure[0m[0;34m,[0m [0mdpi[0m[0;34m=[0m[0mdpi[0m[0;34m)[0m[0;34m:[0m[0;34m[0m[0;34m[0m[0m
[0;32m--> 903[0;31m             [0mbbox[0m[0;34m,[0m [0minfo[0m[0;34m,[0m [0mdescent[0m [0;34m=[0m [0mself[0m[0;34m.[0m[0m_get_layout[0m[0;34m([0m[0mself[0m[0;34m.[0m[0m_renderer[0m[0;34m)[0m[0;34m[0m[0;34m[0m[0m
[0m[1;32m    904[0m             [0mx[0m[0;34m,[0m [0my[0m [0;34m=[0m [0mself[0m[0;34m.[0m[0mget_unitless_position[0m[0;34m([0m[0;34m)[0m[0;34m[0m[0;34m[0m[0m
[1;32m    905[0m             [0mx[0m[0;34m,[0m [0my[0m [0;34m=[0m [0mself[0m[0;34m.[0m[0mget_transform[0m[0;34m([0m[0;34m)[0m[0;34m.[0m[0mtransform[0m[0;34m([0m[0;34m([0m[0mx[0m[0;34m,[0m [0my[0m[0;34m)[0m[0;34m)[0m[0;34m[0m[0;34m[0m[0m

[0;32m/opt/hostedtoolcache/Python/3.7.12/x64/lib/python3.7/site-packages/matplotlib/text.py[0m in [0;36m_get_layout[0;34m(self, renderer)[0m
[1;32m    306[0m         _, lp_h, lp_d = renderer.get_text_width_height_descent(
[1;32m    307[0m             [0;34m"lp"[0m[0;34m,[0m [0mself[0m[0;34m.[0m[0m_fontproperties[0m[0;34m,[0m[0;34m[0m[0;34m[0m[0m
[0;32m--> 308[0;31m             ismath="TeX" if self.get_usetex() else False)
[0m[1;32m    309[0m         [0mmin_dy[0m [0;34m=[0m [0;34m([0m[0mlp_h[0m [0;34m-[0m [0mlp_d[0m[0;34m)[0m [0;34m*[0m [0mself[0m[0;34m.[0m[0m_linespacing[0m[0;34m[0m[0;34m[0m[0m
[1;32m    310[0m [0;34m[0m[0m

[0;32m/opt/hostedtoolcache/Python/3.7.12/x64/lib/python3.7/site-packages/matplotlib/backends/backend_agg.py[0m in [0;36mget_text_width_height_descent[0;34m(self, s, prop, ismath)[0m
[1;32m    228[0m             [0mfontsize[0m [0;34m=[0m [0mprop[0m[0;34m.[0m[0mget_size_in_points[0m[0;34m([0m[0;34m)[0m[0;34m[0m[0;34m[0m[0m
[1;32m    229[0m             w, h, d = texmanager.get_text_width_height_descent(
[0;32m--> 230[0;31m                 s, fontsize, renderer=self)
[0m[1;32m    231[0m             [0;32mreturn[0m [0mw[0m[0;34m,[0m [0mh[0m[0;34m,[0m [0md[0m[0;34m[0m[0;34m[0m[0m
[1;32m    232[0m [0;34m[0m[0m

[0;32m/opt/hostedtoolcache/Python/3.7.12/x64/lib/python3.7/site-packages/matplotlib/texmanager.py[0m in [0;36mget_text_width_height_descent[0;34m(self, tex, fontsize, renderer)[0m
[1;32m    397[0m         [0;32melse[0m[0;34m:[0m[0;34m[0m[0;34m[0m[0m
[1;32m    398[0m             [0;31m# use dviread.[0m[0;34m[0m[0;34m[0m[0;34m[0m[0m
[0;32m--> 399[0;31m             [0mdvifile[0m [0;34m=[0m [0mself[0m[0;34m.[0m[0mmake_dvi[0m[0;34m([0m[0mtex[0m[0;34m,[0m [0mfontsize[0m[0;34m)[0m[0;34m[0m[0;34m[0m[0m
[0m[1;32m    400[0m             [0;32mwith[0m [0mdviread[0m[0;34m.[0m[0mDvi[0m[0;34m([0m[0mdvifile[0m[0;34m,[0m [0;36m72[0m [0;34m*[0m [0mdpi_fraction[0m[0;34m)[0m [0;32mas[0m [0mdvi[0m[0;34m:[0m[0;34m[0m[0;34m[0m[0m
[1;32m    401[0m                 [0mpage[0m[0;34m,[0m [0;34m=[0m [0mdvi[0m[0;34m[0m[0;34m[0m[0m

[0;32m/opt/hostedtoolcache/Python/3.7.12/x64/lib/python3.7/site-packages/matplotlib/texmanager.py[0m in [0;36mmake_dvi[0;34m(self, tex, fontsize)[0m
[1;32m    291[0m                 self._run_checked_subprocess(
[1;32m    292[0m                     ["latex", "-interaction=nonstopmode", "--halt-on-error",
[0;32m--> 293[0;31m                      texfile], tex, cwd=tmpdir)
[0m[1;32m    294[0m                 [0;34m([0m[0mPath[0m[0;34m([0m[0mtmpdir[0m[0;34m)[0m [0;34m/[0m [0mPath[0m[0;34m([0m[0mdvifile[0m[0;34m)[0m[0;34m.[0m[0mname[0m[0;34m)[0m[0;34m.[0m[0mreplace[0m[0;34m([0m[0mdvifile[0m[0;34m)[0m[0;34m[0m[0;34m[0m[0m
[1;32m    295[0m         [0;32mreturn[0m [0mdvifile[0m[0;34m[0m[0;34m[0m[0m

[0;32m/opt/hostedtoolcache/Python/3.7.12/x64/lib/python3.7/site-packages/matplotlib/texmanager.py[0m in [0;36m_run_checked_subprocess[0;34m(self, command, tex, cwd)[0m
[1;32m    256[0m             raise RuntimeError(
[1;32m    257[0m                 [0;34m'Failed to process string with tex because {} could not be '[0m[0;34m[0m[0;34m[0m[0m
[0;32m--> 258[0;31m                 'found'.format(command[0])) from exc
[0m[1;32m    259[0m         [0;32mexcept[0m [0msubprocess[0m[0;34m.[0m[0mCalledProcessError[0m [0;32mas[0m [0mexc[0m[0;34m:[0m[0;34m[0m[0;34m[0m[0m
[1;32m    260[0m             raise RuntimeError(

[0;31mRuntimeError[0m: Failed to process string with tex because latex could not be found
RuntimeError: Failed to process string with tex because latex could not be found

